生成启动时间为 2023/11/6 19:06:07。
     1>项目“D:\C文件夹\打印沙漏\打印沙漏\打印沙漏.vcxproj”在节点 2 上(build 个目标)。
     1>PrepareForBuild:
         正在创建目录“D:\C文件夹\打印沙漏\Debug\”。
       InitializeBuildStatus:
         正在创建“Debug\打印沙漏.unsuccessfulbuild”，因为已指定“AlwaysCreate”。
       ClCompile:
         C:\Program Files (x86)\Microsoft Visual Studio 10.0\VC\bin\CL.exe /c /ZI /nologo /W3 /WX- /Od /Oy- /D _UNICODE /D UNICODE /Gm /EHsc /RTC1 /MDd /GS /fp:precise /Zc:wchar_t /Zc:forScope /Fo"Debug\\" /Fd"Debug\vc100.pdb" /Gd /TC /analyze- /errorReport:prompt "沙漏.c"
         沙漏.c
     1>d:\c文件夹\打印沙漏\打印沙漏\沙漏.c(7): warning C4996: 'scanf': This function or variable may be unsafe. Consider using scanf_s instead. To disable deprecation, use _CRT_SECURE_NO_WARNINGS. See online help for details.
                 c:\program files (x86)\microsoft visual studio 10.0\vc\include\stdio.h(304) : 参见“scanf”的声明
     1>d:\c文件夹\打印沙漏\打印沙漏\沙漏.c(36): warning C4013: “system”未定义；假设外部返回 int
       Link:
         C:\Program Files (x86)\Microsoft Visual Studio 10.0\VC\bin\link.exe /ERRORREPORT:PROMPT /OUT:"D:\C文件夹\打印沙漏\Debug\打印沙漏.exe" /NOLOGO kernel32.lib user32.lib gdi32.lib winspool.lib comdlg32.lib advapi32.lib shell32.lib ole32.lib oleaut32.lib uuid.lib odbc32.lib odbccp32.lib /MANIFEST /ManifestFile:"Debug\打印沙漏.exe.intermediate.manifest" /MANIFESTUAC:"level='asInvoker' uiAccess='false'" /DEBUG /PDB:"D:\C文件夹\打印沙漏\Debug\打印沙漏.pdb" /TLBID:1 /DYNAMICBASE /NXCOMPAT /IMPLIB:"D:\C文件夹\打印沙漏\Debug\打印沙漏.lib" /MACHINE:X86 "Debug\沙漏.obj"
         打印沙漏.vcxproj -> D:\C文件夹\打印沙漏\Debug\打印沙漏.exe
       Manifest:
         C:\Program Files (x86)\Microsoft SDKs\Windows\v7.0A\bin\mt.exe /nologo /verbose /outputresource:"D:\C文件夹\打印沙漏\Debug\打印沙漏.exe;#1" /manifest "Debug\打印沙漏.exe.intermediate.manifest"
       FinalizeBuildStatus:
         正在删除文件“Debug\打印沙漏.unsuccessfulbuild”。
         正在对“Debug\打印沙漏.lastbuildstate”执行 Touch 任务。
     1>已完成生成项目“D:\C文件夹\打印沙漏\打印沙漏\打印沙漏.vcxproj”(build 个目标)的操作。

生成成功。

已用时间 00:00:03.42
