生成启动时间为 2023/10/9 18:49:24。
     1>项目“D:\C文件夹\树与二叉树\哈夫曼树\哈夫曼树\哈夫曼树.vcxproj”在节点 2 上(build 个目标)。
     1>InitializeBuildStatus:
         正在创建“Debug\哈夫曼树.unsuccessfulbuild”，因为已指定“AlwaysCreate”。
       ClCompile:
         C:\Program Files (x86)\Microsoft Visual Studio 10.0\VC\bin\CL.exe /c /ZI /nologo /W3 /WX- /Od /Oy- /D _UNICODE /D UNICODE /Gm /EHsc /RTC1 /MDd /GS /fp:precise /Zc:wchar_t /Zc:forScope /Fo"Debug\\" /Fd"Debug\vc100.pdb" /Gd /TC /analyze- /errorReport:prompt "哈夫曼树.c"
         哈夫曼树.c
     1>d:\c文件夹\树与二叉树\哈夫曼树\哈夫曼树\哈夫曼树.c(9): warning C4101: “j”: 未引用的局部变量
     1>d:\c文件夹\树与二叉树\哈夫曼树\哈夫曼树\哈夫曼树.c(35): warning C4996: 'scanf': This function or variable may be unsafe. Consider using scanf_s instead. To disable deprecation, use _CRT_SECURE_NO_WARNINGS. See online help for details.
                 c:\program files (x86)\microsoft visual studio 10.0\vc\include\stdio.h(304) : 参见“scanf”的声明
     1>d:\c文件夹\树与二叉树\哈夫曼树\哈夫曼树\哈夫曼树.c(52): warning C4996: 'scanf': This function or variable may be unsafe. Consider using scanf_s instead. To disable deprecation, use _CRT_SECURE_NO_WARNINGS. See online help for details.
                 c:\program files (x86)\microsoft visual studio 10.0\vc\include\stdio.h(304) : 参见“scanf”的声明
       Link:
         C:\Program Files (x86)\Microsoft Visual Studio 10.0\VC\bin\link.exe /ERRORREPORT:PROMPT /OUT:"D:\C文件夹\树与二叉树\哈夫曼树\Debug\哈夫曼树.exe" /NOLOGO kernel32.lib user32.lib gdi32.lib winspool.lib comdlg32.lib advapi32.lib shell32.lib ole32.lib oleaut32.lib uuid.lib odbc32.lib odbccp32.lib /MANIFEST /ManifestFile:"Debug\哈夫曼树.exe.intermediate.manifest" /MANIFESTUAC:"level='asInvoker' uiAccess='false'" /DEBUG /PDB:"D:\C文件夹\树与二叉树\哈夫曼树\Debug\哈夫曼树.pdb" /TLBID:1 /DYNAMICBASE /NXCOMPAT /IMPLIB:"D:\C文件夹\树与二叉树\哈夫曼树\Debug\哈夫曼树.lib" /MACHINE:X86 "Debug\哈夫曼树.obj"
         LINK : 没有找到 D:\C文件夹\树与二叉树\哈夫曼树\Debug\哈夫曼树.exe 或上一个增量链接没有生成它；正在执行完全链接
         哈夫曼树.vcxproj -> D:\C文件夹\树与二叉树\哈夫曼树\Debug\哈夫曼树.exe
       Manifest:
         C:\Program Files (x86)\Microsoft SDKs\Windows\v7.0A\bin\mt.exe /nologo /verbose /outputresource:"D:\C文件夹\树与二叉树\哈夫曼树\Debug\哈夫曼树.exe;#1" /manifest "Debug\哈夫曼树.exe.intermediate.manifest"
       FinalizeBuildStatus:
         正在删除文件“Debug\哈夫曼树.unsuccessfulbuild”。
         正在对“Debug\哈夫曼树.lastbuildstate”执行 Touch 任务。
     1>已完成生成项目“D:\C文件夹\树与二叉树\哈夫曼树\哈夫曼树\哈夫曼树.vcxproj”(build 个目标)的操作。

生成成功。

已用时间 00:00:00.71
