生成启动时间为 2023/4/2 16:56:27。
     1>项目“D:\my first vc\frighting li\frighting li\frighting li.vcxproj”在节点 2 上(build 个目标)。
     1>InitializeBuildStatus:
         正在对“Debug\frighting li.unsuccessfulbuild”执行 Touch 任务。
       ClCompile:
         C:\Program Files (x86)\Microsoft Visual Studio 10.0\VC\bin\CL.exe /c /ZI /nologo /W3 /WX- /Od /Oy- /D _MBCS /Gm /EHsc /RTC1 /MDd /GS /fp:precise /Zc:wchar_t /Zc:forScope /Fo"Debug\\" /Fd"Debug\vc100.pdb" /Gd /TC /analyze- /errorReport:prompt frighting.c
         frighting.c
     1>d:\my first vc\frighting li\frighting li\frighting.c(5): warning C4101: “i”: 未引用的局部变量
     1>d:\my first vc\frighting li\frighting li\frighting.c(26): warning C4996: 'scanf': This function or variable may be unsafe. Consider using scanf_s instead. To disable deprecation, use _CRT_SECURE_NO_WARNINGS. See online help for details.
                 c:\program files (x86)\microsoft visual studio 10.0\vc\include\stdio.h(304) : 参见“scanf”的声明
     1>d:\my first vc\frighting li\frighting li\frighting.c(37): warning C4013: “system”未定义；假设外部返回 int
       Link:
         C:\Program Files (x86)\Microsoft Visual Studio 10.0\VC\bin\link.exe /ERRORREPORT:PROMPT /OUT:"D:\my first vc\frighting li\Debug\frighting li.exe" /NOLOGO kernel32.lib user32.lib gdi32.lib winspool.lib comdlg32.lib advapi32.lib shell32.lib ole32.lib oleaut32.lib uuid.lib odbc32.lib odbccp32.lib /MANIFEST /ManifestFile:"Debug\frighting li.exe.intermediate.manifest" /MANIFESTUAC:"level='asInvoker' uiAccess='false'" /DEBUG /PDB:"D:\my first vc\frighting li\Debug\frighting li.pdb" /TLBID:1 /DYNAMICBASE /NXCOMPAT /IMPLIB:"D:\my first vc\frighting li\Debug\frighting li.lib" /MACHINE:X86 Debug\frighting.obj
         LINK : 没有找到 D:\my first vc\frighting li\Debug\frighting li.exe 或上一个增量链接没有生成它；正在执行完全链接
         frighting li.vcxproj -> D:\my first vc\frighting li\Debug\frighting li.exe
       Manifest:
         C:\Program Files (x86)\Microsoft SDKs\Windows\v7.0A\bin\mt.exe /nologo /verbose /outputresource:"D:\my first vc\frighting li\Debug\frighting li.exe;#1" /manifest "Debug\frighting li.exe.intermediate.manifest"
       FinalizeBuildStatus:
         正在删除文件“Debug\frighting li.unsuccessfulbuild”。
         正在对“Debug\frighting li.lastbuildstate”执行 Touch 任务。
     1>已完成生成项目“D:\my first vc\frighting li\frighting li\frighting li.vcxproj”(build 个目标)的操作。

生成成功。

已用时间 00:00:00.53
