生成启动时间为 2023/5/21 9:05:43。
     1>项目“D:\my first vc\冲冲冲\冲冲冲\冲冲冲.vcxproj”在节点 2 上(build 个目标)。
     1>InitializeBuildStatus:
         正在对“Debug\冲冲冲.unsuccessfulbuild”执行 Touch 任务。
       ClCompile:
         C:\Program Files (x86)\Microsoft Visual Studio 10.0\VC\bin\CL.exe /c /ZI /nologo /W3 /WX- /Od /Oy- /D _UNICODE /D UNICODE /Gm /EHsc /RTC1 /MDd /GS /fp:precise /Zc:wchar_t /Zc:forScope /Fo"Debug\\" /Fd"Debug\vc100.pdb" /Gd /TC /analyze- /errorReport:prompt "冲冲冲.c"
         冲冲冲.c
     1>d:\my first vc\冲冲冲\冲冲冲\冲冲冲.c(67): warning C4005: “NULL”: 宏重定义
                 c:\program files (x86)\microsoft visual studio 10.0\vc\include\stdio.h(122) : 参见“NULL”的前一个定义
     1>d:\my first vc\冲冲冲\冲冲冲\冲冲冲.c(82): warning C4996: 'scanf': This function or variable may be unsafe. Consider using scanf_s instead. To disable deprecation, use _CRT_SECURE_NO_WARNINGS. See online help for details.
                 c:\program files (x86)\microsoft visual studio 10.0\vc\include\stdio.h(304) : 参见“scanf”的声明
     1>d:\my first vc\冲冲冲\冲冲冲\冲冲冲.c(78): warning C4700: 使用了未初始化的局部变量“s”
       Link:
         C:\Program Files (x86)\Microsoft Visual Studio 10.0\VC\bin\link.exe /ERRORREPORT:PROMPT /OUT:"D:\my first vc\冲冲冲\Debug\冲冲冲.exe" /NOLOGO kernel32.lib user32.lib gdi32.lib winspool.lib comdlg32.lib advapi32.lib shell32.lib ole32.lib oleaut32.lib uuid.lib odbc32.lib odbccp32.lib /MANIFEST /ManifestFile:"Debug\冲冲冲.exe.intermediate.manifest" /MANIFESTUAC:"level='asInvoker' uiAccess='false'" /DEBUG /PDB:"D:\my first vc\冲冲冲\Debug\冲冲冲.pdb" /TLBID:1 /DYNAMICBASE /NXCOMPAT /IMPLIB:"D:\my first vc\冲冲冲\Debug\冲冲冲.lib" /MACHINE:X86 "Debug\冲冲冲.obj"
         LINK : 没有找到 D:\my first vc\冲冲冲\Debug\冲冲冲.exe 或上一个增量链接没有生成它；正在执行完全链接
         冲冲冲.vcxproj -> D:\my first vc\冲冲冲\Debug\冲冲冲.exe
       Manifest:
         C:\Program Files (x86)\Microsoft SDKs\Windows\v7.0A\bin\mt.exe /nologo /verbose /outputresource:"D:\my first vc\冲冲冲\Debug\冲冲冲.exe;#1" /manifest "Debug\冲冲冲.exe.intermediate.manifest"
       FinalizeBuildStatus:
         正在删除文件“Debug\冲冲冲.unsuccessfulbuild”。
         正在对“Debug\冲冲冲.lastbuildstate”执行 Touch 任务。
     1>已完成生成项目“D:\my first vc\冲冲冲\冲冲冲\冲冲冲.vcxproj”(build 个目标)的操作。

生成成功。

已用时间 00:00:01.56
