生成启动时间为 2023/5/10 10:36:43。
     1>项目“D:\my first vc\frithing\frithing\frithing.vcxproj”在节点 2 上(build 个目标)。
     1>InitializeBuildStatus:
         正在对“Debug\frithing.unsuccessfulbuild”执行 Touch 任务。
       ClCompile:
         C:\Program Files (x86)\Microsoft Visual Studio 10.0\VC\bin\CL.exe /c /ZI /nologo /W3 /WX- /Od /Oy- /D _MBCS /Gm /EHsc /RTC1 /MDd /GS /fp:precise /Zc:wchar_t /Zc:forScope /Fo"Debug\\" /Fd"Debug\vc100.pdb" /Gd /TC /analyze- /errorReport:prompt 111.c
         111.c
     1>d:\my first vc\frithing\frithing\111.c(353): warning C4996: 'scanf': This function or variable may be unsafe. Consider using scanf_s instead. To disable deprecation, use _CRT_SECURE_NO_WARNINGS. See online help for details.
                 c:\program files (x86)\microsoft visual studio 10.0\vc\include\stdio.h(304) : 参见“scanf”的声明
     1>d:\my first vc\frithing\frithing\111.c(356): warning C4996: 'scanf': This function or variable may be unsafe. Consider using scanf_s instead. To disable deprecation, use _CRT_SECURE_NO_WARNINGS. See online help for details.
                 c:\program files (x86)\microsoft visual studio 10.0\vc\include\stdio.h(304) : 参见“scanf”的声明
     1>d:\my first vc\frithing\frithing\111.c(359): warning C4996: 'scanf': This function or variable may be unsafe. Consider using scanf_s instead. To disable deprecation, use _CRT_SECURE_NO_WARNINGS. See online help for details.
                 c:\program files (x86)\microsoft visual studio 10.0\vc\include\stdio.h(304) : 参见“scanf”的声明
     1>d:\my first vc\frithing\frithing\111.c(362): warning C4996: 'scanf': This function or variable may be unsafe. Consider using scanf_s instead. To disable deprecation, use _CRT_SECURE_NO_WARNINGS. See online help for details.
                 c:\program files (x86)\microsoft visual studio 10.0\vc\include\stdio.h(304) : 参见“scanf”的声明
       Link:
         C:\Program Files (x86)\Microsoft Visual Studio 10.0\VC\bin\link.exe /ERRORREPORT:PROMPT /OUT:"D:\my first vc\frithing\Debug\frithing.exe" /NOLOGO kernel32.lib user32.lib gdi32.lib winspool.lib comdlg32.lib advapi32.lib shell32.lib ole32.lib oleaut32.lib uuid.lib odbc32.lib odbccp32.lib /MANIFEST /ManifestFile:"Debug\frithing.exe.intermediate.manifest" /MANIFESTUAC:"level='asInvoker' uiAccess='false'" /DEBUG /PDB:"D:\my first vc\frithing\Debug\frithing.pdb" /TLBID:1 /DYNAMICBASE /NXCOMPAT /IMPLIB:"D:\my first vc\frithing\Debug\frithing.lib" /MACHINE:X86 Debug\111.obj
         frithing.vcxproj -> D:\my first vc\frithing\Debug\frithing.exe
       Manifest:
         C:\Program Files (x86)\Microsoft SDKs\Windows\v7.0A\bin\mt.exe /nologo /verbose /outputresource:"D:\my first vc\frithing\Debug\frithing.exe;#1" /manifest Debug\frithing.exe.intermediate.manifest
       FinalizeBuildStatus:
         正在删除文件“Debug\frithing.unsuccessfulbuild”。
         正在对“Debug\frithing.lastbuildstate”执行 Touch 任务。
     1>已完成生成项目“D:\my first vc\frithing\frithing\frithing.vcxproj”(build 个目标)的操作。

生成成功。

已用时间 00:00:00.62
